\BOOKMARK [1][-]{section.1}{Introduction}{}% 1
\BOOKMARK [1][-]{section.2}{Logical operators}{}% 2
\BOOKMARK [1][-]{section.3}{Arithmetic operators and mathematical functions}{}% 3
\BOOKMARK [1][-]{section.4}{Matrix functions}{}% 4
\BOOKMARK [1][-]{section.5}{Set operations and special functions}{}% 5
\BOOKMARK [1][-]{section.6}{Sequences and replications}{}% 6
\BOOKMARK [1][-]{section.7}{The apply command}{}% 7
\BOOKMARK [1][-]{section.8}{Reading and writing text files}{}% 8
\BOOKMARK [1][-]{section.9}{Reading data online}{}% 9
\BOOKMARK [1][-]{section.10}{Indexing vectors}{}% 10
\BOOKMARK [1][-]{section.11}{Indexing matrices}{}% 11
\BOOKMARK [1][-]{section.12}{Indexing dataframes}{}% 12
\BOOKMARK [1][-]{section.13}{User-defined functions}{}% 13
\BOOKMARK [1][-]{section.14}{Sorting and merging}{}% 14
\BOOKMARK [1][-]{section.15}{Frequency tables}{}% 15
\BOOKMARK [1][-]{section.16}{Cumulative distribution function and quantile function}{}% 16
\BOOKMARK [1][-]{section.17}{Mean, variance and standard deviation}{}% 17
\BOOKMARK [1][-]{section.18}{Histograms}{}% 18
\BOOKMARK [1][-]{section.19}{Contingency tables, correlation and covariance}{}% 19
\BOOKMARK [1][-]{section.20}{Programming}{}% 20
\BOOKMARK [1][-]{section.21}{Random numbers}{}% 21
\BOOKMARK [1][-]{section.22}{Simulations}{}% 22
\BOOKMARK [1][-]{section.23}{Linear regressions}{}% 23
\BOOKMARK [1][-]{section.24}{Numerical optimization}{}% 24
\BOOKMARK [1][-]{section.25}{Maximum likelihood}{}% 25
\BOOKMARK [1][-]{section.26}{Dates and times}{}% 26
\BOOKMARK [1][-]{section.27}{Time series: Basics}{}% 27
\BOOKMARK [1][-]{section.28}{Time series: model estimation and unit roots}{}% 28
\BOOKMARK [1][-]{section.29}{Graphics}{}% 29
