\BOOKMARK [1][-]{section*.2}{\376\377\000I\000n\000t\000r\000o\000d\000u\000c\000t\000i\000o\000n}{}% 1
\BOOKMARK [1][-]{section*.3}{\376\377\000L\000o\000g\000i\000c\000a\000l\000\040\000O\000p\000e\000r\000a\000t\000o\000r\000s}{}% 2
\BOOKMARK [1][-]{section*.4}{\376\377\000A\000r\000i\000t\000h\000m\000e\000t\000i\000c\000\040\000o\000p\000e\000r\000a\000t\000o\000r\000s\000\040\000a\000n\000d\000\040\000m\000a\000t\000h\000e\000m\000a\000t\000i\000c\000a\000l\000\040\000f\000u\000n\000c\000t\000i\000o\000n\000s}{}% 3
\BOOKMARK [1][-]{section*.5}{\376\377\000M\000a\000t\000r\000i\000x\000\040\000f\000u\000n\000c\000t\000i\000o\000n\000s}{}% 4
\BOOKMARK [1][-]{section*.6}{\376\377\000S\000e\000t\000\040\000o\000p\000e\000r\000a\000t\000i\000o\000n\000s\000\040\000a\000n\000d\000\040\000s\000p\000e\000c\000i\000a\000l\000\040\000f\000u\000n\000c\000t\000i\000o\000n\000s}{}% 5
\BOOKMARK [1][-]{section*.7}{\376\377\000S\000e\000q\000u\000e\000n\000c\000e\000s\000\040\000a\000n\000d\000\040\000r\000e\000p\000l\000i\000c\000a\000t\000i\000o\000n\000s}{}% 6
\BOOKMARK [1][-]{section*.8}{\376\377\000R\000e\000a\000d\000i\000n\000g\000\040\000a\000n\000d\000\040\000w\000r\000i\000t\000i\000n\000g\000\040\000t\000e\000x\000t\000\040\000f\000i\000l\000e\000s}{}% 7
\BOOKMARK [1][-]{section*.9}{\376\377\000I\000m\000p\000o\000r\000t\000\040\000d\000a\000t\000a\000\040\000u\000s\000i\000n\000g\000\040\000r\000e\000a\000d\000r}{}% 8
\BOOKMARK [1][-]{section*.10}{\376\377\000I\000m\000p\000o\000r\000t\000\040\000E\000x\000c\000e\000l\000\040\000d\000a\000t\000a}{}% 9
\BOOKMARK [1][-]{section*.11}{\376\377\000I\000m\000p\000o\000r\000t\000\040\000d\000a\000t\000a\000\040\000u\000s\000i\000n\000g\000\040\000h\000a\000v\000e\000n}{}% 10
\BOOKMARK [1][-]{section*.12}{\376\377\000I\000m\000p\000o\000r\000t\000\040\000d\000a\000t\000a\000\040\000u\000s\000i\000n\000g\000\040\000f\000o\000r\000e\000i\000g\000n}{}% 11
\BOOKMARK [1][-]{section*.13}{\376\377\000I\000n\000d\000e\000x\000i\000n\000g\000\040\000v\000e\000c\000t\000o\000r\000s}{}% 12
\BOOKMARK [1][-]{section*.14}{\376\377\000I\000n\000d\000e\000x\000i\000n\000g\000\040\000m\000a\000t\000r\000i\000c\000e\000s}{}% 13
\BOOKMARK [1][-]{section*.15}{\376\377\000I\000n\000d\000e\000x\000i\000n\000g\000\040\000d\000a\000t\000a\000f\000r\000a\000m\000e\000s}{}% 14
\BOOKMARK [1][-]{section*.16}{\376\377\000S\000e\000l\000e\000c\000t\000i\000o\000n\000\040\000a\000n\000d\000\040\000t\000r\000a\000n\000s\000f\000o\000r\000m\000a\000t\000i\000o\000n\000\040\000w\000i\000t\000h\000\040\000d\000p\000l\000y\000r}{}% 15
\BOOKMARK [1][-]{section*.17}{\376\377\000G\000r\000a\000p\000h\000i\000c\000s\000\040\000w\000i\000t\000h\000\040\000g\000g\000p\000l\000o\000t}{}% 16
\BOOKMARK [1][-]{section*.18}{\376\377\000H\000i\000s\000t\000o\000g\000r\000a\000m\000s}{}% 17
\BOOKMARK [1][-]{section*.19}{\376\377\000C\000o\000r\000r\000e\000l\000a\000t\000i\000o\000n\000\040\000a\000n\000d\000\040\000c\000o\000v\000a\000r\000i\000a\000n\000c\000e}{}% 18
\BOOKMARK [1][-]{section*.20}{\376\377\000C\000l\000e\000a\000n\000i\000n\000g\000\040\000d\000a\000t\000a}{}% 19
\BOOKMARK [1][-]{section*.21}{\376\377\000U\000s\000e\000r\000-\000d\000e\000f\000i\000n\000e\000d\000\040\000f\000u\000n\000c\000t\000i\000o\000n\000s}{}% 20
\BOOKMARK [1][-]{section*.22}{\376\377\000P\000r\000o\000g\000r\000a\000m\000m\000i\000n\000g}{}% 21
\BOOKMARK [1][-]{section*.23}{\376\377\000R\000a\000n\000d\000o\000m\000\040\000n\000u\000m\000b\000e\000r\000s}{}% 22
\BOOKMARK [1][-]{section*.24}{\376\377\000S\000i\000m\000u\000l\000a\000t\000i\000o\000n\000s}{}% 23
\BOOKMARK [1][-]{section*.25}{\376\377\000L\000i\000n\000e\000a\000r\000\040\000r\000e\000g\000r\000e\000s\000s\000i\000o\000n}{}% 24
